<?xml version="1.0" encoding="UTF-8"?>
<!-- Generated by org.testng.reporters.JUnitReportReporter -->
<testsuite hostname="DESKTOP-Q6QKMPN" failures="0" tests="3" name="TestNG.Jenkins.CICD_File_Selenium_TEST" time="23.545" errors="0" timestamp="2025-06-08T22:20:32 IST" skipped="0">
  <testcase classname="TestNG.Jenkins.CICD_File_Selenium_TEST" name="print" time="0.022"/>
  <testcase classname="TestNG.Jenkins.CICD_File_Selenium_TEST" name="test" time="5.009"/>
  <testcase classname="TestNG.Jenkins.CICD_File_Selenium_TEST" name="setup" time="18.514"/>
</testsuite> <!-- TestNG.Jenkins.CICD_File_Selenium_TEST -->
