<?xml version="1.0" encoding="UTF-8"?>
<!-- Generated by org.testng.reporters.JUnitReportReporter -->
<testsuite hostname="DESKTOP-Q6QKMPN" failures="0" tests="3" name="TestNG.Jenkins.CICD_File_Selenium_TEST" time="21.618" errors="0" timestamp="2025-06-09T00:09:48 IST" skipped="0">
  <testcase classname="TestNG.Jenkins.CICD_File_Selenium_TEST" name="setup" time="16.592"/>
  <testcase classname="TestNG.Jenkins.CICD_File_Selenium_TEST" name="print" time="0.012"/>
  <testcase classname="TestNG.Jenkins.CICD_File_Selenium_TEST" name="test" time="5.014"/>
</testsuite> <!-- TestNG.Jenkins.CICD_File_Selenium_TEST -->
